Log file open, 08/18/17 15:13:28
LogInit:Display: Running engine for game: Ex_Anima
LogPlatformFile: Not using cached read wrapper
LogInit:Display: RandInit(-258134657) SRandInit(-258134657).
LogTaskGraph: Started task graph with 5 named threads and 8 total threads with 1 sets of task threads.
LogStats: Stats thread started at 0.085584
LogInit: Using libcurl 7.47.1
LogInit:  - built for x86_64-pc-win32
LogInit:  - supports SSL with OpenSSL/1.0.2g
LogInit:  - supports HTTP deflate (compression) using libz 1.2.8
LogInit:  - other features:
LogInit:      CURL_VERSION_SSL
LogInit:      CURL_VERSION_LIBZ
LogInit:      CURL_VERSION_IPV6
LogInit:      CURL_VERSION_ASYNCHDNS
LogInit:      CURL_VERSION_LARGEFILE
LogInit:      CURL_VERSION_IDN
LogInit:  CurlRequestOptions (configurable via config and command line):
LogInit:  - bVerifyPeer = false  - Libcurl will NOT verify peer certificate
LogInit:  - bUseHttpProxy = false  - Libcurl will NOT use HTTP proxy
LogInit:  - bDontReuseConnections = false  - Libcurl will reuse connections
LogInit:  - CertBundlePath = nullptr  - Libcurl will use whatever was configured at build time.
LogInit: Build: ++UE4+Release-4.16-CL-3561208
LogInit: Engine Version: 4.16.3-3561208+++UE4+Release-4.16
LogInit: Compatible Engine Version: 4.16.0-3452394+++UE4+Release-4.16
LogInit: Net CL: 3452394
LogDevObjectVersion: Number of dev versions registered: 16
LogDevObjectVersion:   Dev-Blueprints (B0D832E4-1F89-4F0D-ACCF-7EB736FD4AA2): 9
LogDevObjectVersion:   Dev-Build (E1C64328-A22C-4D53-A36C-8E866417BD8C): 0
LogDevObjectVersion:   Dev-Core (375EC13C-06E4-48FB-B500-84F0262A717E): 2
LogDevObjectVersion:   Dev-Editor (E4B068ED-F494-42E9-A231-DA0B2E46BB41): 17
LogDevObjectVersion:   Dev-Framework (CFFC743F-43B0-4480-9391-14DF171D2073): 23
LogDevObjectVersion:   Dev-Mobile (B02B49B5-BB20-44E9-A304-32B752E40360): 0
LogDevObjectVersion:   Dev-Networking (A4E4105C-59A1-49B5-A7C5-40C4547EDFEE): 0
LogDevObjectVersion:   Dev-Online (39C831C9-5AE6-47DC-9A44-9C173E1C8E7C): 0
LogDevObjectVersion:   Dev-Physics (78F01B33-EBEA-4F98-B9B4-84EACCB95AA2): 0
LogDevObjectVersion:   Dev-Platform (6631380F-2D4D-43E0-8009-CF276956A95A): 0
LogDevObjectVersion:   Dev-Rendering (12F88B9F-8875-4AFC-A67C-D90C383ABD29): 15
LogDevObjectVersion:   Dev-Sequencer (7B5AE74C-D270-4C10-A958-57980B212A5A): 4
LogDevObjectVersion:   Dev-VR (D7296918-1DD6-4BDD-9DE2-64A83CC13884): 0
LogDevObjectVersion:   Dev-LoadTimes (C2A15278-BFE7-4AFE-6C17-90FF531DF755): 1
LogDevObjectVersion:   Private-Geometry (6EACA3D4-40EC-4CC1-B786-8BED09428FC5): 1
LogDevObjectVersion:   Dev-AnimPhys (29E575DD-E0A3-4627-9D10-D276232CDCEA): 3
LogInit: Compiled (64-bit): Jul 28 2017 11:49:47
LogInit: Compiled with Visual C++: 19.00.24215.01
LogInit: Build Configuration: Development
LogInit: Branch Name: ++UE4+Release-4.16
LogInit: Command line: -EpicPortal 
LogInit: Base directory: H:/UE_4.16/Engine/Binaries/Win64/
LogInit: Installed Engine Build: 1
LogInit: Presizing for max 8388607 objects, including 0 objects not considered by GC, pre-allocating 0 bytes for permanent pool.
LogInit: Object subsystem initialized
[2017.08.18-13.13.28:409][  0]LogInit: Selected Device Profile: [Windows]
[2017.08.18-13.13.28:409][  0]LogInit: Applying CVar settings loaded from the selected device profile: [Windows]
[2017.08.18-13.13.28:513][  0]LogInit: Computer: USER-PC
[2017.08.18-13.13.28:513][  0]LogInit: User: User
[2017.08.18-13.13.28:513][  0]LogInit: CPU Page size=4096, Cores=4
[2017.08.18-13.13.28:513][  0]LogInit: High frequency timer resolution =3.020362 MHz
[2017.08.18-13.13.28:514][  0]LogMemory: Memory total: Physical=8.0GB (8GB approx)
[2017.08.18-13.13.28:514][  0]LogMemory: Platform Memory Stats for Windows
[2017.08.18-13.13.28:514][  0]LogMemory: Process Physical Memory: 271.30 MB used, 271.30 MB peak
[2017.08.18-13.13.28:514][  0]LogMemory: Process Virtual Memory: 266.42 MB used, 266.42 MB peak
[2017.08.18-13.13.28:514][  0]LogMemory: Physical Memory: 4644.43 MB used,  3503.90 MB free, 8148.32 MB total
[2017.08.18-13.13.28:514][  0]LogMemory: Virtual Memory: 623.04 MB used,  3503.90 MB free, 134217728.00 MB total
[2017.08.18-13.13.28:566][  0]LogInit: Using OS detected language (de-DE).
[2017.08.18-13.13.28:566][  0]LogInit: Using OS detected locale (de-DE).
[2017.08.18-13.13.28:568][  0]LogTextLocalizationManager: No localization for 'de-DE' exists, so 'en' will be used for the language.
[2017.08.18-13.13.28:568][  0]LogTextLocalizationManager: No localization for 'de-DE' exists, so 'en' will be used for the locale.
[2017.08.18-13.13.29:444][  0]LogD3D11RHI: D3D11 adapters:
[2017.08.18-13.13.29:461][  0]LogD3D11RHI:    0. 'NVIDIA GeForce GTX 760 (192-bit)' (Feature Level 11_0)
[2017.08.18-13.13.29:461][  0]LogD3D11RHI:       1475/0/2560 MB DedicatedVideo/DedicatedSystem/SharedSystem, Outputs:2, VendorId:0x10de
[2017.08.18-13.13.29:462][  0]LogD3D11RHI:    1. 'Microsoft Basic Render Driver' (Feature Level 11_0)
[2017.08.18-13.13.29:462][  0]LogD3D11RHI:       0/0/256 MB DedicatedVideo/DedicatedSystem/SharedSystem, Outputs:0, VendorId:0x1414
[2017.08.18-13.13.29:462][  0]LogD3D11RHI: Chosen D3D11 Adapter: 0
[2017.08.18-13.13.29:466][  0]LogD3D11RHI: Creating new Direct3DDevice
[2017.08.18-13.13.29:466][  0]LogD3D11RHI:     GPU DeviceId: 0x118e (for the marketing name, search the web for "GPU Device Id")
[2017.08.18-13.13.29:466][  0]LogWindows: EnumDisplayDevices:
[2017.08.18-13.13.29:466][  0]LogWindows:    0. 'NVIDIA GeForce GTX 760 (192-bit)' (P:1 D:1)
[2017.08.18-13.13.29:466][  0]LogWindows:    1. 'NVIDIA GeForce GTX 760 (192-bit)' (P:0 D:1)
[2017.08.18-13.13.29:466][  0]LogWindows:    2. 'NVIDIA GeForce GTX 760 (192-bit)' (P:0 D:0)
[2017.08.18-13.13.29:466][  0]LogWindows: DebugString: FoundDriverCount:3 
[2017.08.18-13.13.29:466][  0]LogD3D11RHI:     Adapter Name: NVIDIA GeForce GTX 760 (192-bit)
[2017.08.18-13.13.29:466][  0]LogD3D11RHI:   Driver Version: 372.90 (internal:21.21.13.7290, unified:372.90)
[2017.08.18-13.13.29:466][  0]LogD3D11RHI:      Driver Date: 9-16-2016
[2017.08.18-13.13.29:466][  0]LogRHI: Texture pool is 1033 MB (70% of 1475 MB)
[2017.08.18-13.13.29:478][  0]LogD3D11RHI: Async texture creation enabled
[2017.08.18-13.13.29:496][  0]LogD3D11RHI: GPU Timing Frequency: 1000.000000 (Debug: 2 2)
[2017.08.18-13.13.29:595][  0]LogShaderCompilers: Guid format shader working directory is 30 characters bigger than the processId version (D:/UE4/Ex_Anima/Intermediate/Shaders/WorkingDirectory/4108/).
[2017.08.18-13.13.29:595][  0]LogShaderCompilers: Cleaned the shader compiler working directory 'C:/Users/User/AppData/Local/Temp/UnrealShaderWorkingDir/4F2893D846EB84616A6EC4B4A2FE46CF/'.
[2017.08.18-13.13.29:595][  0]LogShaderCompilers:Display: Using Local Shader Compiler.
[2017.08.18-13.13.30:580][  0]LogTemp:Display: Loaded TP AllDesktopTargetPlatform
[2017.08.18-13.13.30:632][  0]LogTemp:Display: Loaded TP MacClientTargetPlatform
[2017.08.18-13.13.30:666][  0]LogTemp:Display: Loaded TP MacNoEditorTargetPlatform
[2017.08.18-13.13.30:701][  0]LogTemp:Display: Loaded TP MacServerTargetPlatform
[2017.08.18-13.13.30:763][  0]LogTemp:Display: Loaded TP MacTargetPlatform
[2017.08.18-13.13.30:797][  0]LogTemp:Display: Loaded TP WindowsClientTargetPlatform
[2017.08.18-13.13.30:830][  0]LogTemp:Display: Loaded TP WindowsNoEditorTargetPlatform
[2017.08.18-13.13.30:862][  0]LogTemp:Display: Loaded TP WindowsServerTargetPlatform
[2017.08.18-13.13.30:888][  0]LogTemp:Display: Loaded TP WindowsTargetPlatform
[2017.08.18-13.13.30:922][  0]LogTemp:Display: Loaded TP AndroidTargetPlatform
[2017.08.18-13.13.30:954][  0]LogTemp:Display: Loaded TP Android_ASTCTargetPlatform
[2017.08.18-13.13.30:993][  0]LogTemp:Display: Loaded TP Android_ATCTargetPlatform
[2017.08.18-13.13.31:026][  0]LogTemp:Display: Loaded TP Android_DXTTargetPlatform
[2017.08.18-13.13.31:058][  0]LogTemp:Display: Loaded TP Android_ETC1TargetPlatform
[2017.08.18-13.13.31:091][  0]LogTemp:Display: Loaded TP Android_ETC2TargetPlatform
[2017.08.18-13.13.31:156][  0]LogTemp:Display: Loaded TP Android_MultiTargetPlatform
[2017.08.18-13.13.31:156][  0]LogTemp:Display: Loaded TP Android_PVRTCTargetPlatform
[2017.08.18-13.13.31:178][  0]LogTemp:Display: Loaded TP HTML5TargetPlatform
[2017.08.18-13.13.31:256][  0]LogTemp:Display: Loaded TP IOSTargetPlatform
[2017.08.18-13.13.31:276][  0]LogTemp:Display: Loaded TP TVOSTargetPlatform
[2017.08.18-13.13.31:308][  0]LogTemp:Display: Loaded TP LinuxClientTargetPlatform
[2017.08.18-13.13.31:339][  0]LogTemp:Display: Loaded TP LinuxNoEditorTargetPlatform
[2017.08.18-13.13.31:370][  0]LogTemp:Display: Loaded TP LinuxServerTargetPlatform
[2017.08.18-13.13.31:401][  0]LogTemp:Display: Loaded TP LinuxTargetPlatform
[2017.08.18-13.13.31:401][  0]LogTargetPlatformManager:Display: Building Assets For Windows
[2017.08.18-13.13.31:669][  0]LogDerivedDataCache:Display: Max Cache Size: 512 MB
[2017.08.18-13.13.31:769][  0]LogDerivedDataCache: Loaded boot cache 0.10s 90MB C:/Users/User/AppData/Local/UnrealEngine/4.16/DerivedDataCache/Boot.ddc.
[2017.08.18-13.13.31:769][  0]LogDerivedDataCache:Display: Loaded Boot cache: C:/Users/User/AppData/Local/UnrealEngine/4.16/DerivedDataCache/Boot.ddc
[2017.08.18-13.13.31:769][  0]LogDerivedDataCache: FDerivedDataBackendGraph:  Pak pak cache file D:/UE4/Ex_Anima/DerivedDataCache/DDC.ddp not found, will not use a pak cache.
[2017.08.18-13.13.31:769][  0]LogDerivedDataCache: Unable to find inner node Pak for hierarchical cache Hierarchy.
[2017.08.18-13.13.31:769][  0]LogDerivedDataCache: FDerivedDataBackendGraph:  CompressedPak pak cache file D:/UE4/Ex_Anima/DerivedDataCache/Compressed.ddp not found, will not use a pak cache.
[2017.08.18-13.13.31:769][  0]LogDerivedDataCache: Unable to find inner node CompressedPak for hierarchical cache Hierarchy.
[2017.08.18-13.13.31:788][  0]LogDerivedDataCache:Display: Pak cache opened for reading ../../../Engine/DerivedDataCache/Compressed.ddp.
[2017.08.18-13.13.31:801][  0]LogDerivedDataCache: Using Local data cache path C:/Users/User/AppData/Local/UnrealEngine/Common/DerivedDataCache: Writable
[2017.08.18-13.13.31:811][  0]LogMaterial: Verifying Global Shaders for PCD3D_SM5
[2017.08.18-13.13.31:811][  0]LogSlate: Using Freetype 2.6.0
[2017.08.18-13.13.31:812][  0]LogSlate: SlateFontCache - WITH_FREETYPE: 1, WITH_HARFBUZZ: 1
[2017.08.18-13.13.31:812][  0]LogSlate: SlateFontCache - WITH_FREETYPE: 1, WITH_HARFBUZZ: 1
[2017.08.18-13.13.32:382][  0]LogInit: Selected Device Profile: [Windows]
[2017.08.18-13.13.32:454][  0]LogContentStreaming: Texture pool size is 0.00 MB
[2017.08.18-13.13.32:584][  0]LogMeshUtilities: Using QuadricMeshReduction for automatic static mesh reduction
[2017.08.18-13.13.32:607][  0]LogSimplygon: Simplygon DLL not present - disabling.
[2017.08.18-13.13.32:632][  0]LogMeshUtilities: Using SimplygonSwarm for distributed automatic mesh merging
[2017.08.18-13.13.32:632][  0]LogMeshUtilities: No automatic skeletal mesh reduction module available
[2017.08.18-13.13.32:632][  0]LogMeshUtilities: No automatic mesh merging module available
[2017.08.18-13.13.33:086][  0]LogNetVersion: Ex_Anima , NetCL: 3452394, EngineNetVer: 2, GameNetVer: 0 (Checksum: 2035612564)
[2017.08.18-13.13.33:138][  0]LogAssetRegistry: FAssetRegistry took 0.0257 seconds to start up
[2017.08.18-13.13.33:551][  0]LogPackageLocalizationCache: Processed 4 localized package path(s) for 1 prioritized culture(s) in 0.400576 seconds
[2017.08.18-13.13.33:561][  0]LogUObjectArray: 34194 objects as part of root set at end of initial load.
[2017.08.18-13.13.33:561][  0]LogUObjectAllocator: 7260424 out of 0 bytes used by permanent object pool.
[2017.08.18-13.13.33:561][  0]LogUObjectArray: CloseDisregardForGC: 0/0 objects in disregard for GC pool
[2017.08.18-13.13.33:610][  0]LogInit: WinSock: version 1.1 (2.2), MaxSocks=32767, MaxUdp=65467
[2017.08.18-13.13.38:559][  0]LogTcpMessaging: Initializing TcpMessaging bridge
[2017.08.18-13.13.38:585][  0]LogUdpMessaging: Initializing bridge on interface 0.0.0.0:0 to multicast group 230.0.0.1:6666.
[2017.08.18-13.13.38:960][  0]LogMaterial: Uniform references updated for custom material expression Custom.
[2017.08.18-13.13.39:218][  0]SourceControl: Info Source control is disabled
[2017.08.18-13.13.39:219][  0]SourceControl: Info Source control is disabled
[2017.08.18-13.13.39:244][  0]SourceControl: Info Source control is disabled
[2017.08.18-13.13.39:275][  0]SourceControl: Info Source control is disabled
[2017.08.18-13.13.39:706][  0]LogAndroidPermission: UAndroidPermissionCallbackProxy::GetInstance
[2017.08.18-13.13.40:071][  0]LogEngine: Initializing Engine...
[2017.08.18-13.13.40:071][  0]LogHMD: Failed to initialize OpenVR with code 110
[2017.08.18-13.13.40:269][  0]LogStats: UGameplayTagsManager::ConstructGameplayTagTree: Construct from data asset -  0.000 s
[2017.08.18-13.13.40:269][  0]LogStats: UGameplayTagsManager::ConstructGameplayTagTree: GameplayTagTreeChangedEvent.Broadcast -  0.000 s
[2017.08.18-13.13.40:348][  0]LogAIModule: Creating AISystem for world Untitled
[2017.08.18-13.13.40:355][  0]LogInit: XAudio2 using 'Speakers (Realtek High Definition Audio)' : 2 channels at 48 kHz using 32 bits per sample (channel mask 0x3)
[2017.08.18-13.13.40:362][  0]LogInit: FAudioDevice initialized.
[2017.08.18-13.13.40:402][  0]LogDerivedDataCache: Saved boot cache 0.04s 90MB C:/Users/User/AppData/Local/UnrealEngine/4.16/DerivedDataCache/Boot.ddc.
[2017.08.18-13.13.40:407][  0]LogInit: Texture streaming: Enabled
[2017.08.18-13.13.40:459][  0]LogEngineSessionManager: EngineSessionManager initialized
[2017.08.18-13.13.40:589][  0]LogInit: Transaction tracking system initialized
[2017.08.18-13.13.40:768][  0]BlueprintLog: New page: Editor Load
[2017.08.18-13.13.41:298][  0]LocalizationService: Info Localization service is disabled
[2017.08.18-13.13.41:738][  0]LogConsoleResponse:Display: 
[2017.08.18-13.13.41:919][  0]LogCook:Display: Max memory allowance for cook 16384mb min free memory 0mb
[2017.08.18-13.13.41:919][  0]LogCook:Display: Mobile HDR setting 1
[2017.08.18-13.13.42:581][  0]LogFileCache: Scanning file cache for directory 'D:/UE4/Ex_Anima/Content/' took 0.03s
[2017.08.18-13.13.42:581][  0]SourceControl: Info Source control is disabled
[2017.08.18-13.13.42:581][  0]Cmd: MAP LOAD FILE="D:/UE4/Ex_Anima/Content/ThirdPersonBP/Maps/ThirdPersonExampleMap.umap" TEMPLATE=0 SHOWPROGRESS=1 FEATURELEVEL=3
[2017.08.18-13.13.42:582][  0]LightingResults: New page: Lighting Build
[2017.08.18-13.13.42:606][  0]MapCheck: New page: Map Check
[2017.08.18-13.13.42:606][  0]LightingResults: New page: Lighting Build
[2017.08.18-13.13.43:540][  0]LogLinker:Warning: Can't find file '/Game/ThirdPersonBP/Blueprints/Fonts/Futura_Condensed_Medium'
[2017.08.18-13.13.43:541][  0]LogLinker:Warning: Can't find file for asset '/Game/ThirdPersonBP/Blueprints/Fonts/Futura_Condensed_Medium' while loading D:/UE4/Ex_Anima/Content/ThirdPersonBP/Fonts/Futura_Condensed_Medium_Font.uasset.
[2017.08.18-13.13.43:541][  0]LoadErrors:Error: Error /Game/ThirdPersonBP/Fonts/Futura_Condensed_Medium_Font : Can't find file for asset. /Game/ThirdPersonBP/Blueprints/Fonts/Futura_Condensed_Medium
[2017.08.18-13.13.43:541][  0]LogLinker:Warning: Can't find file '/Game/ThirdPersonBP/Blueprints/Fonts/Futura_Condensed_Medium'
[2017.08.18-13.13.43:541][  0]LogLinker:Warning: Can't find file for asset '/Game/ThirdPersonBP/Blueprints/Fonts/Futura_Condensed_Medium' while loading D:/UE4/Ex_Anima/Content/ThirdPersonBP/Fonts/Futura_Condensed_Medium_Font.uasset.
[2017.08.18-13.13.43:541][  0]LoadErrors:Error: Error /Game/ThirdPersonBP/Fonts/Futura_Condensed_Medium_Font : Can't find file for asset. /Game/ThirdPersonBP/Blueprints/Fonts/Futura_Condensed_Medium
[2017.08.18-13.13.43:729][  0]LogLinker:Warning: Can't find file '/Game/ThirdPersonBP/Blueprints/Fonts/Futura_Condensed_Medium'
[2017.08.18-13.13.43:729][  0]LoadErrors: Info Failed to load /Game/ThirdPersonBP/Blueprints/Fonts/Futura_Condensed_Medium.Futura_Condensed_Medium Referenced by Futura_Condensed_Medium_Font
[2017.08.18-13.13.43:729][  0]LogLinker:Warning: Can't find file for asset '/Game/ThirdPersonBP/Blueprints/Fonts/Futura_Condensed_Medium' while loading NULL.
[2017.08.18-13.13.43:729][  0]LoadErrors: Info Failed to load /Game/ThirdPersonBP/Blueprints/Fonts/Futura_Condensed_Medium.Futura_Condensed_Medium Referenced by Futura_Condensed_Medium_Font
[2017.08.18-13.13.44:561][  0]LogAIModule: Creating AISystem for world ThirdPersonExampleMap
[2017.08.18-13.13.44:671][  0]LogEditorServer: Finished looking for orphan Actors (0.000 secs)
[2017.08.18-13.13.44:707][  0]Cmd: MAP CHECKDEP NOCLEARLOG
[2017.08.18-13.13.44:751][  0]MapCheck: Info Map check complete: 0 Error(s), 0 Warning(s), took 44.071ms to complete.
[2017.08.18-13.13.44:751][  0]LogFileHelpers: Loading map 'ThirdPersonExampleMap' took 2.170
[2017.08.18-13.13.44:950][  0]LogCollectionManager: Loaded 0 collections in 0.000802 seconds
[2017.08.18-13.13.45:015][  0]LogFileCache: Scanning file cache for directory 'D:/UE4/Ex_Anima/Saved/Collections/' took 0.01s
[2017.08.18-13.13.45:015][  0]LogFileCache: Scanning file cache for directory 'D:/UE4/Ex_Anima/Content/Developers/User/Collections/' took 0.01s
[2017.08.18-13.13.45:015][  0]LogFileCache: Scanning file cache for directory 'D:/UE4/Ex_Anima/Content/Collections/' took 0.01s
[2017.08.18-13.13.45:015][  0]LogCollectionManager: Rebuilt the GUID cache for 0 collections in 0.000002 seconds
[2017.08.18-13.13.45:025][  0]LogContentBrowser: Native class hierarchy populated in 0.0098 seconds. Added 2329 classes and 491 folders.
[2017.08.18-13.13.45:066][  0]LogContentBrowser: Native class hierarchy updated for 'WidgetCarousel' in 0.0015 seconds. Added 0 classes and 0 folders.
[2017.08.18-13.13.46:409][  0]LogContentBrowser: Native class hierarchy updated for 'AddContentDialog' in 0.0006 seconds. Added 0 classes and 0 folders.
[2017.08.18-13.13.46:445][  0]LogContentBrowser: Native class hierarchy updated for 'SceneOutliner' in 0.0006 seconds. Added 1 classes and 2 folders.
[2017.08.18-13.13.46:611][  0]LogCrashTracker: Crashtracker disabled due to settings.
[2017.08.18-13.13.46:626][  0]LogSlate: Took 0.010764 seconds to synchronously load lazily loaded font '../../../Engine/Content/Slate/Fonts/Roboto-Regular.ttf' (155K)
[2017.08.18-13.13.46:633][  0]LogSlate: Took 0.004686 seconds to synchronously load lazily loaded font '../../../Engine/Content/Slate/Fonts/Roboto-Bold.ttf' (160K)
[2017.08.18-13.13.46:665][  0]LogSlate: Took 0.022024 seconds to synchronously load lazily loaded font '../../../Engine/Content/Editor/Slate/Fonts/FontAwesome.ttf' (139K)
[2017.08.18-13.13.46:836][  0]LogRenderer: Reallocating scene render targets to support 1208x576 NumSamples 1 (Frame:1).
[2017.08.18-13.13.47:052][  0]LogUObjectGlobals:Warning: Failed to find object 'Class None.'
[2017.08.18-13.13.47:099][  0]LogContentBrowser: Native class hierarchy updated for 'HierarchicalLODOutliner' in 0.0006 seconds. Added 1 classes and 2 folders.
[2017.08.18-13.13.47:099][  0]LogLoad: (Engine Initialization) Total time: 20.67 seconds
[2017.08.18-13.13.47:099][  0]LogLoad: (Engine Initialization) Total Blueprint compile time: 0.23 seconds
[2017.08.18-13.13.47:099][  0]LogExternalProfiler: Found external profiler: VSPerf
[2017.08.18-13.13.47:099][  0]LogExternalProfiler: Using external profiler: VSPerf
[2017.08.18-13.13.47:108][  0]LogOcInput: OculusInput pre-init called
[2017.08.18-13.13.47:108][  0]LogHMD: Starting GearVRController plugin
[2017.08.18-13.13.47:133][  0]LogContentStreaming: Texture pool size now 1000 MB
[2017.08.18-13.13.47:286][  0]LogSlate: Took 0.033659 seconds to synchronously load lazily loaded font '../../../Engine/Content/Slate/Fonts/Roboto-Light.ttf' (159K)
[2017.08.18-13.13.47:396][  1]LogAssetRegistry: Asset discovery search completed in 14.2801 seconds
[2017.08.18-13.13.47:399][  1]LogCollectionManager: Rebuilt the object cache for 0 collections in 0.000001 seconds (found 0 objects)
[2017.08.18-13.13.47:399][  1]LogCollectionManager: Fixed up redirectors for 0 collections in 0.000034 seconds (updated 0 objects)
[2017.08.18-13.13.48:142][ 57]LogSlate: Took 0.010200 seconds to synchronously load lazily loaded font '../../../Engine/Content/Slate/Fonts/Roboto-Light.ttf' (159K)
[2017.08.18-13.13.50:792][342]LogSlate: Took 0.000173 seconds to synchronously load lazily loaded font '../../../Engine/Content/Slate/Fonts/Roboto-Light.ttf' (159K)
[2017.08.18-13.13.51:408][342]LogContentBrowser: Native class hierarchy updated for 'BlueprintGraph' in 0.0011 seconds. Added 112 classes and 0 folders.
[2017.08.18-13.13.52:563][342]LogSlate: Took 0.032622 seconds to synchronously load lazily loaded font '../../../Engine/Content/Editor/Slate/Fonts/Roboto-BoldCondensed.ttf' (158K)
[2017.08.18-13.13.53:054][343]LogSlate: Took 0.036796 seconds to synchronously load lazily loaded font '../../../Engine/Content/Editor/Slate/Fonts/Roboto-Italic.ttf' (157K)
[2017.08.18-13.13.54:883][504]Cmd: OBJ SAVEPACKAGE PACKAGE="/Game/ThirdPersonBP/Blueprints/BP_RecordingActor" FILE="D:/UE4/Ex_Anima/Content/ThirdPersonBP/Blueprints/BP_RecordingActor.uasset" SILENT=true
[2017.08.18-13.13.54:955][504]LogSavePackage: Save=28.20ms
[2017.08.18-13.13.54:955][504]LogSavePackage: Moving 'D:/UE4/Ex_Anima/Saved/BP_RecordingActor47A301324B52808FB038FBAFC5481288.tmp' to 'D:/UE4/Ex_Anima/Content/ThirdPersonBP/Blueprints/BP_RecordingActor.uasset'
[2017.08.18-13.13.54:957][504]LogSavePackage:Display: Finished SavePackage D:/UE4/Ex_Anima/Content/ThirdPersonBP/Blueprints/BP_RecordingActor.uasset
[2017.08.18-13.13.57:643][777]LogActorComponent: UnregisterComponent: (/Engine/Transient.EditorFloorComp) Not registered. Aborting.
[2017.08.18-13.14.00:252][ 71]LogTemp: Repeting last play command: Selected Viewport
[2017.08.18-13.14.00:384][ 71]LogBlueprintUserMessages: Early PlayInEditor Detection: Level '/Game/ThirdPersonBP/Maps/ThirdPersonExampleMap.ThirdPersonExampleMap:PersistentLevel' has LevelScriptBlueprint '/Game/ThirdPersonBP/Maps/ThirdPersonExampleMap.ThirdPersonExampleMap:PersistentLevel.ThirdPersonExampleMap' with GeneratedClass '/Game/ThirdPersonBP/Maps/ThirdPersonExampleMap.ThirdPersonExampleMap_C' with ClassGeneratedBy '/Game/ThirdPersonBP/Maps/ThirdPersonExampleMap.ThirdPersonExampleMap:PersistentLevel.ThirdPersonExampleMap'
[2017.08.18-13.14.00:385][ 71]LogPlayLevel: PlayLevel: No blueprints needed recompiling
[2017.08.18-13.14.00:451][ 71]PIE: New page: PIE session: ThirdPersonExampleMap (Aug 18, 2017, 5:14:00 PM)
[2017.08.18-13.14.00:451][ 71]LogPlayLevel: Creating play world package: /Game/ThirdPersonBP/Maps/UEDPIE_0_ThirdPersonExampleMap
[2017.08.18-13.14.00:484][ 71]LogPlayLevel: PIE: StaticDuplicateObject took: (0.032721s)
[2017.08.18-13.14.00:484][ 71]LogAIModule: Creating AISystem for world ThirdPersonExampleMap
[2017.08.18-13.14.00:484][ 71]LogPlayLevel: PIE: World Init took: (0.000888s)
[2017.08.18-13.14.00:485][ 71]LogPlayLevel: PIE: Created PIE world by copying editor world from /Game/ThirdPersonBP/Maps/ThirdPersonExampleMap.ThirdPersonExampleMap to /Game/ThirdPersonBP/Maps/UEDPIE_0_ThirdPersonExampleMap.ThirdPersonExampleMap (0.033898s)
[2017.08.18-13.14.00:511][ 71]LogInit: XAudio2 using 'Speakers (Realtek High Definition Audio)' : 2 channels at 48 kHz using 32 bits per sample (channel mask 0x3)
[2017.08.18-13.14.00:519][ 71]LogInit: FAudioDevice initialized.
[2017.08.18-13.14.00:564][ 71]LogLoad: Game class is 'ThirdPersonGameMode_C'
[2017.08.18-13.14.00:625][ 71]LogWorld: Bringing World /Game/ThirdPersonBP/Maps/UEDPIE_0_ThirdPersonExampleMap.ThirdPersonExampleMap up for play (max tick rate 0) at 2017.08.18-15.14.00
[2017.08.18-13.14.00:626][ 71]LogWorld: Bringing up level for play took: 0.005609
[2017.08.18-13.14.00:714][ 71]LogContentBrowser: Native class hierarchy updated for 'MovieSceneCapture' in 0.0014 seconds. Added 11 classes and 0 folders.
[2017.08.18-13.14.00:716][ 71]PIE: Info Play in editor start time for /Game/ThirdPersonBP/Maps/UEDPIE_0_ThirdPersonExampleMap 0.8
[2017.08.18-13.14.00:717][ 71]LogBlueprintUserMessages: Late PlayInEditor Detection: Level '/Game/ThirdPersonBP/Maps/ThirdPersonExampleMap.ThirdPersonExampleMap:PersistentLevel' has LevelScriptBlueprint '/Game/ThirdPersonBP/Maps/ThirdPersonExampleMap.ThirdPersonExampleMap:PersistentLevel.ThirdPersonExampleMap' with GeneratedClass '/Game/ThirdPersonBP/Maps/ThirdPersonExampleMap.ThirdPersonExampleMap_C' with ClassGeneratedBy '/Game/ThirdPersonBP/Maps/ThirdPersonExampleMap.ThirdPersonExampleMap:PersistentLevel.ThirdPersonExampleMap'
[2017.08.18-13.14.02:112][210]LogSlate: Took 0.167219 seconds to synchronously load lazily loaded font '../../../Engine/Content/Slate/Fonts/DroidSansFallback.ttf' (3848K)
[2017.08.18-13.14.17:599][ 35]LogBlueprintUserMessages: Early EndPlayMap Detection: Level '/Game/ThirdPersonBP/Maps/ThirdPersonExampleMap.ThirdPersonExampleMap:PersistentLevel' has LevelScriptBlueprint '/Game/ThirdPersonBP/Maps/ThirdPersonExampleMap.ThirdPersonExampleMap:PersistentLevel.ThirdPersonExampleMap' with GeneratedClass '/Game/ThirdPersonBP/Maps/ThirdPersonExampleMap.ThirdPersonExampleMap_C' with ClassGeneratedBy '/Game/ThirdPersonBP/Maps/ThirdPersonExampleMap.ThirdPersonExampleMap:PersistentLevel.ThirdPersonExampleMap'
[2017.08.18-13.14.17:631][ 35]LogBlueprintUserMessages: Late EndPlayMap Detection: Level '/Game/ThirdPersonBP/Maps/ThirdPersonExampleMap.ThirdPersonExampleMap:PersistentLevel' has LevelScriptBlueprint '/Game/ThirdPersonBP/Maps/ThirdPersonExampleMap.ThirdPersonExampleMap:PersistentLevel.ThirdPersonExampleMap' with GeneratedClass '/Game/ThirdPersonBP/Maps/ThirdPersonExampleMap.ThirdPersonExampleMap_C' with ClassGeneratedBy '/Game/ThirdPersonBP/Maps/ThirdPersonExampleMap.ThirdPersonExampleMap:PersistentLevel.ThirdPersonExampleMap'
[2017.08.18-13.19.45:867][995]SourceControl:Error: Error Failed to enable Git source control. You need to install Git and specify a valid path to git executable.
[2017.08.18-13.23.00:514][908]SourceControl:Error: Error Failed to enable Git source control. You need to install Git and specify a valid path to git executable.
[2017.08.18-13.24.09:187][906]SourceControl:Error: Error Failed to enable Git source control. You need to install Git and specify a valid path to git executable.
[2017.08.18-13.24.12:719][179]SourceControl:Error: Error Failed to enable Git source control. You need to install Git and specify a valid path to git executable.
[2017.08.18-13.24.23:252][135]SourceControl:Error: Error Failed to enable Git source control. You need to install Git and specify a valid path to git executable.
[2017.08.18-13.24.24:837][302]SourceControl:Error: Error Failed to enable Git source control. You need to install Git and specify a valid path to git executable.
[2017.08.18-13.24.25:627][374]SourceControl:Error: Error Failed to enable Git source control. You need to install Git and specify a valid path to git executable.
[2017.08.18-13.24.49:967][  9]SourceControl:Error: Error Failed to enable Git source control. You need to install Git and specify a valid path to git executable.
[2017.08.18-13.24.53:007][223]SourceControl:Error: Error Failed to enable Git source control. You need to install Git and specify a valid path to git executable.
[2017.08.18-13.24.57:729][599]SourceControl:Error: Error Failed to enable Git source control. You need to install Git and specify a valid path to git executable.
[2017.08.18-13.27.16:924][798]LogSourceControl:Error: P4ERROR: Invalid connection to server.
[2017.08.18-13.27.16:924][798]LogSourceControl:Error: Connect to server failed; check $P4PORT.
TCP connect to perforce:1666 failed.
Der angegebene Host ist unbekannt. 

[2017.08.18-13.27.22:238][416]SourceControl: Info Source control is disabled
[2017.08.18-13.28.49:643][ 83]LogEditorViewport: Clicking on Actor (LMB): StaticMeshActor (Floor)
